usdkndemo/adsdk/build/outputs/logs/manifest-merger-release-report.txt
-- Merging decision tree log ---
manifest
ADDED from src/main/AndroidManifest.xml:1:1-112:12
INJECTED from src/main/AndroidManifest.xml:1:1-112:12
INJECTED from src/main/AndroidManifest.xml:1:1-112:12
INJECTED from src/main/AndroidManifest.xml:1:1-112:12
INJECTED from src/main/AndroidManifest.xml:1:1-112:12
INJECTED from src/main/AndroidManifest.xml:1:1-112:12
INJECTED from src/main/AndroidManifest.xml:1:1-112:12
	package
		ADDED from src/main/AndroidManifest.xml:2:5-30
		INJECTED from src/main/AndroidManifest.xml
		INJECTED from src/main/AndroidManifest.xml
	android:versionName
		INJECTED from src/main/AndroidManifest.xml
		ADDED from src/main/AndroidManifest.xml:1:1-112:12
		INJECTED from src/main/AndroidManifest.xml
	android:versionCode
		INJECTED from src/main/AndroidManifest.xml
		ADDED from src/main/AndroidManifest.xml:1:1-112:12
		INJECTED from src/main/AndroidManifest.xml
	xmlns:android
		ADDED from src/main/AndroidManifest.xml:1:11-69
uses-permission#android.permission.ACCESS_NETWORK_STATE
ADDED from src/main/AndroidManifest.xml:4:5-79
	android:name
		ADDED from src/main/AndroidManifest.xml:4:22-76
uses-permission#android.permission.ACCESS_WIFI_STATE
ADDED from src/main/AndroidManifest.xml:5:5-76
	android:name
		ADDED from src/main/AndroidManifest.xml:5:22-73
uses-permission#android.permission.CHANGE_WIFI_STATE
ADDED from src/main/AndroidManifest.xml:6:5-76
	android:name
		ADDED from src/main/AndroidManifest.xml:6:22-73
uses-permission#android.permission.CHANGE_NETWORK_STATE
ADDED from src/main/AndroidManifest.xml:7:5-79
	android:name
		ADDED from src/main/AndroidManifest.xml:7:22-76
uses-permission#android.permission.INTERNET
ADDED from src/main/AndroidManifest.xml:8:5-67
	android:name
		ADDED from src/main/AndroidManifest.xml:8:22-64
uses-permission#android.permission.READ_PHONE_STATE
ADDED from src/main/AndroidManifest.xml:9:5-75
	android:name
		ADDED from src/main/AndroidManifest.xml:9:22-72
uses-permission#android.permission.READ_EXTERNAL_STORAGE
ADDED from src/main/AndroidManifest.xml:10:5-80
	android:name
		ADDED from src/main/AndroidManifest.xml:10:22-77
uses-permission#android.permission.WRITE_EXTERNAL_STORAGE
ADDED from src/main/AndroidManifest.xml:11:5-81
	android:name
		ADDED from src/main/AndroidManifest.xml:11:22-78
uses-permission#android.permission.EXPAND_STATUS_BAR
ADDED from src/main/AndroidManifest.xml:12:5-76
	android:name
		ADDED from src/main/AndroidManifest.xml:12:22-73
uses-permission#android.permission.SYSTEM_ALERT_WINDOW
ADDED from src/main/AndroidManifest.xml:13:5-77
	android:name
		ADDED from src/main/AndroidManifest.xml:13:22-75
uses-permission#android.permission.ACCESS_COARSE_LOCATION
ADDED from src/main/AndroidManifest.xml:14:5-81
	android:name
		ADDED from src/main/AndroidManifest.xml:14:22-78
uses-permission#android.permission.REQUEST_INSTALL_PACKAGES
ADDED from src/main/AndroidManifest.xml:15:5-83
	android:name
		ADDED from src/main/AndroidManifest.xml:15:22-80
application
ADDED from src/main/AndroidManifest.xml:17:5-111:19
	android:supportsRtl
		ADDED from src/main/AndroidManifest.xml:20:9-35
	android:label
		ADDED from src/main/AndroidManifest.xml:19:9-41
	android:allowBackup
		ADDED from src/main/AndroidManifest.xml:18:9-35
activity#com.wppai.adsdk.WebViewActivity
ADDED from src/main/AndroidManifest.xml:21:9-36:20
	android:screenOrientation
		ADDED from src/main/AndroidManifest.xml:24:13-49
	android:hardwareAccelerated
		ADDED from src/main/AndroidManifest.xml:23:13-47
	android:theme
		ADDED from src/main/AndroidManifest.xml:25:13-60
	android:name
		ADDED from src/main/AndroidManifest.xml:22:13-59
intent-filter#action:name:android.intent.action.VIEW+category:name:android.intent.category.BROWSABLE+category:name:android.intent.category.DEFAULT+data:host:share+data:scheme:will
ADDED from src/main/AndroidManifest.xml:26:13-35:29
action#android.intent.action.VIEW
ADDED from src/main/AndroidManifest.xml:27:17-69
	android:name
		ADDED from src/main/AndroidManifest.xml:27:25-66
category#android.intent.category.DEFAULT
ADDED from src/main/AndroidManifest.xml:29:17-76
	android:name
		ADDED from src/main/AndroidManifest.xml:29:27-73
category#android.intent.category.BROWSABLE
ADDED from src/main/AndroidManifest.xml:30:17-78
	android:name
		ADDED from src/main/AndroidManifest.xml:30:27-75
data
ADDED from src/main/AndroidManifest.xml:32:17-34:45
	android:host
		ADDED from src/main/AndroidManifest.xml:33:21-41
	android:scheme
		ADDED from src/main/AndroidManifest.xml:34:21-42
activity#com.wppai.adsdk.AdDialogActivity
ADDED from src/main/AndroidManifest.xml:38:9-40:58
	android:screenOrientation
		ADDED from src/main/AndroidManifest.xml:39:13-49
	android:theme
		ADDED from src/main/AndroidManifest.xml:40:13-56
	android:name
		ADDED from src/main/AndroidManifest.xml:38:19-51
receiver#com.wppai.adsdk.comm.NotificationBroadcastReceiver
ADDED from src/main/AndroidManifest.xml:42:9-47:20
	android:name
		ADDED from src/main/AndroidManifest.xml:42:19-84
intent-filter#action:name:notification_cancelled+data:scheme:package
ADDED from src/main/AndroidManifest.xml:43:13-46:29
action#notification_cancelled
ADDED from src/main/AndroidManifest.xml:44:17-65
	android:name
		ADDED from src/main/AndroidManifest.xml:44:25-62
receiver#com.wppai.adsdk.WebViewActivity$DownloadReceiver
ADDED from src/main/AndroidManifest.xml:49:9-53:20
	android:name
		ADDED from src/main/AndroidManifest.xml:49:19-67
intent-filter#action:name:android.intent.action.DOWNLOAD_COMPLETE
ADDED from src/main/AndroidManifest.xml:50:13-52:29
action#android.intent.action.DOWNLOAD_COMPLETE
ADDED from src/main/AndroidManifest.xml:51:17-81
	android:name
		ADDED from src/main/AndroidManifest.xml:51:25-79
provider#com.liulishuo.okdownload.OkDownloadProvider
ADDED from src/main/AndroidManifest.xml:55:9-58:40
	android:authorities
		ADDED from src/main/AndroidManifest.xml:57:13-76
	android:exported
		ADDED from src/main/AndroidManifest.xml:58:13-37
	android:name
		ADDED from src/main/AndroidManifest.xml:56:13-71
provider#com.wppai.adsdk.comm.WPPAIFileProvider
ADDED from src/main/AndroidManifest.xml:59:9-67:20
	android:grantUriPermissions
		ADDED from src/main/AndroidManifest.xml:63:13-47
	android:authorities
		ADDED from src/main/AndroidManifest.xml:61:13-70
	android:exported
		ADDED from src/main/AndroidManifest.xml:62:13-37
	android:name
		ADDED from src/main/AndroidManifest.xml:60:13-66
meta-data#android.support.FILE_PROVIDER_PATHS
ADDED from src/main/AndroidManifest.xml:64:13-66:60
	android:resource
		ADDED from src/main/AndroidManifest.xml:66:17-57
	android:name
		ADDED from src/main/AndroidManifest.xml:65:17-67
provider#android.support.v4.content.FileProvider
ADDED from src/main/AndroidManifest.xml:70:9-78:20
	android:grantUriPermissions
		ADDED from src/main/AndroidManifest.xml:74:13-47
	android:authorities
		ADDED from src/main/AndroidManifest.xml:72:13-64
	android:exported
		ADDED from src/main/AndroidManifest.xml:73:13-37
	android:name
		ADDED from src/main/AndroidManifest.xml:71:13-67
service#com.qq.e.comm.DownloadService
ADDED from src/main/AndroidManifest.xml:79:9-90
	android:exported
		ADDED from src/main/AndroidManifest.xml:79:63-87
	android:name
		ADDED from src/main/AndroidManifest.xml:79:18-62
activity#com.qq.e.ads.ADActivity
ADDED from src/main/AndroidManifest.xml:80:9-131
	android:configChanges
		ADDED from src/main/AndroidManifest.xml:80:58-128
	android:name
		ADDED from src/main/AndroidManifest.xml:80:19-57
provider#com.baidu.mobads.openad.FileProvider
ADDED from src/main/AndroidManifest.xml:83:9-91:20
	android:grantUriPermissions
		ADDED from src/main/AndroidManifest.xml:87:13-47
	android:authorities
		ADDED from src/main/AndroidManifest.xml:85:13-63
	android:exported
		ADDED from src/main/AndroidManifest.xml:86:13-37
	android:name
		ADDED from src/main/AndroidManifest.xml:84:13-64
activity#com.baidu.mobads.AppActivity
ADDED from src/main/AndroidManifest.xml:92:9-95:75
	android:configChanges
		ADDED from src/main/AndroidManifest.xml:94:13-83
	android:theme
		ADDED from src/main/AndroidManifest.xml:95:13-72
	android:name
		ADDED from src/main/AndroidManifest.xml:93:13-56
provider#com.wppai.adsdk.comm.TTFileProvider
ADDED from src/main/AndroidManifest.xml:98:9-106:20
	android:grantUriPermissions
		ADDED from src/main/AndroidManifest.xml:102:13-47
	android:authorities
		ADDED from src/main/AndroidManifest.xml:100:13-64
	android:exported
		ADDED from src/main/AndroidManifest.xml:101:13-37
	android:name
		ADDED from src/main/AndroidManifest.xml:99:13-63
provider#com.bytedance.sdk.openadsdk.service.TTDownloadProvider
ADDED from src/main/AndroidManifest.xml:107:9-110:40
	android:authorities
		ADDED from src/main/AndroidManifest.xml:109:13-66
	android:exported
		ADDED from src/main/AndroidManifest.xml:110:13-37
	android:name
		ADDED from src/main/AndroidManifest.xml:108:13-82
uses-sdk
INJECTED from src/main/AndroidManifest.xml reason: use-sdk injection requested
INJECTED from src/main/AndroidManifest.xml
INJECTED from src/main/AndroidManifest.xml
INJECTED from src/main/AndroidManifest.xml
INJECTED from src/main/AndroidManifest.xml
	android:targetSdkVersion
		INJECTED from src/main/AndroidManifest.xml
		ADDED from src/main/AndroidManifest.xml
		INJECTED from src/main/AndroidManifest.xml
	android:minSdkVersion
		INJECTED from src/main/AndroidManifest.xml
		ADDED from src/main/AndroidManifest.xml
		INJECTED from src/main/AndroidManifest.xml